<?xml version="1.0" encoding="UTF-8"?>
<robot generator="Robot 6.0.2 (Python 3.11.3 on win32)" generated="20260102 12:23:40.526" rpa="false" schemaversion="3">
<suite id="s1" name="Tests" source="C:\QAx\projects\markx-robot\tests">
<suite id="s1-s1" name="Login" source="C:\QAx\projects\markx-robot\tests\login.robot">
<test id="s1-s1-t1" name="Deve logar com sucesso" line="11">
<kw name="Start session" library="base" type="SETUP">
<kw name="Open Application" library="AppiumLibrary">
<arg>http://localhost:4723</arg>
<arg>automationName=uiautomator2</arg>
<arg>platformName=Android</arg>
<arg>deviceName=Emulator</arg>
<arg>udid=emulator-5554</arg>
<arg>autoGrantPermissions=true</arg>
<arg>app=${EXECDIR}/apps/markx.apk</arg>
<doc>Opens a new application to the given Appium server.
Capabilities of appium server, Android and iOS,
Please check https://appium.io/docs/en/2.19/guides/caps/
| *Option*            | *Man.* | *Description*     |
| remote_url          | Yes    | Appium server url |
| alias               | No     | alias             |</doc>
<msg timestamp="20260102 12:23:48.594" level="WARN">Retrying (Retry(total=2, connect=None, read=None, redirect=None, status=None)) after connection broken by 'NewConnectionError("HTTPConnection(host='localhost', port=4723): Failed to establish a new connection: [WinError 10061] Nenhuma conexão pôde ser feita porque a máquina de destino as recusou ativamente")': /session</msg>
<msg timestamp="20260102 12:23:52.684" level="WARN">Retrying (Retry(total=1, connect=None, read=None, redirect=None, status=None)) after connection broken by 'NewConnectionError("HTTPConnection(host='localhost', port=4723): Failed to establish a new connection: [WinError 10061] Nenhuma conexão pôde ser feita porque a máquina de destino as recusou ativamente")': /session</msg>
<msg timestamp="20260102 12:23:56.788" level="WARN">Retrying (Retry(total=0, connect=None, read=None, redirect=None, status=None)) after connection broken by 'NewConnectionError("HTTPConnection(host='localhost', port=4723): Failed to establish a new connection: [WinError 10061] Nenhuma conexão pôde ser feita porque a máquina de destino as recusou ativamente")': /session</msg>
<kw name="Capture Page Screenshot" library="AppiumLibrary">
<doc>Takes a screenshot of the current page and embeds it into the log.</doc>
<msg timestamp="20260102 12:24:00.884" level="FAIL">No application is open</msg>
<status status="FAIL" starttime="20260102 12:24:00.883" endtime="20260102 12:24:01.036"/>
</kw>
<msg timestamp="20260102 12:24:01.037" level="WARN">Keyword 'Capture Page Screenshot' could not be run on failure: No application is open</msg>
<msg timestamp="20260102 12:24:01.038" level="FAIL">MaxRetryError: HTTPConnectionPool(host='localhost', port=4723): Max retries exceeded with url: /session (Caused by NewConnectionError("HTTPConnection(host='localhost', port=4723): Failed to establish a new connection: [WinError 10061] Nenhuma conexão pôde ser feita porque a máquina de destino as recusou ativamente"))</msg>
<status status="FAIL" starttime="20260102 12:23:44.450" endtime="20260102 12:24:01.041"/>
</kw>
<kw name="Wait Until Page Contains" library="AppiumLibrary">
<arg>Endereço IP da API</arg>
<arg>500</arg>
<doc>Waits until the ``text`` appears on the current page.</doc>
<status status="NOT RUN" starttime="20260102 12:24:01.041" endtime="20260102 12:24:01.048"/>
</kw>
<status status="FAIL" starttime="20260102 12:23:44.450" endtime="20260102 12:24:01.048"/>
</kw>
<kw name="Finish session" library="base" type="TEARDOWN">
<kw name="Capture Page Screenshot" library="AppiumLibrary">
<doc>Takes a screenshot of the current page and embeds it into the log.</doc>
<kw name="Capture Page Screenshot" library="AppiumLibrary">
<doc>Takes a screenshot of the current page and embeds it into the log.</doc>
<msg timestamp="20260102 12:24:01.048" level="FAIL">No application is open</msg>
<status status="FAIL" starttime="20260102 12:24:01.048" endtime="20260102 12:24:01.050"/>
</kw>
<msg timestamp="20260102 12:24:01.051" level="WARN">Keyword 'Capture Page Screenshot' could not be run on failure: No application is open</msg>
<msg timestamp="20260102 12:24:01.053" level="FAIL">No application is open</msg>
<status status="FAIL" starttime="20260102 12:24:01.048" endtime="20260102 12:24:01.053"/>
</kw>
<kw name="Close Application" library="AppiumLibrary">
<doc>Closes the current application and the webdriver session.</doc>
<kw name="Capture Page Screenshot" library="AppiumLibrary">
<doc>Takes a screenshot of the current page and embeds it into the log.</doc>
<msg timestamp="20260102 12:24:01.055" level="FAIL">No application is open</msg>
<status status="FAIL" starttime="20260102 12:24:01.053" endtime="20260102 12:24:01.055"/>
</kw>
<msg timestamp="20260102 12:24:01.056" level="WARN">Keyword 'Capture Page Screenshot' could not be run on failure: No application is open</msg>
<msg timestamp="20260102 12:24:01.057" level="FAIL">No application is open</msg>
<status status="FAIL" starttime="20260102 12:24:01.053" endtime="20260102 12:24:01.057"/>
</kw>
<status status="FAIL" starttime="20260102 12:24:01.048" endtime="20260102 12:24:01.058">Several failures occurred:

1) No application is open

2) No application is open</status>
</kw>
<status status="FAIL" starttime="20260102 12:23:44.450" endtime="20260102 12:24:01.058">Setup failed:
MaxRetryError: HTTPConnectionPool(host='localhost', port=4723): Max retries exceeded with url: /session (Caused by NewConnectionError("HTTPConnection(host='localhost', port=4723): Failed to establish a new connection: [WinError 10061] Nenhuma conexão pôde ser feita porque a máquina de destino as recusou ativamente"))

Also teardown failed:
Several failures occurred:

1) No application is open

2) No application is open</status>
</test>
<doc>Testes de Login</doc>
<status status="FAIL" starttime="20260102 12:23:40.594" endtime="20260102 12:24:01.059"/>
</suite>
<suite id="s1-s2" name="Tasks" source="C:\QAx\projects\markx-robot\tests\tasks.robot">
<test id="s1-s2-t1" name="Deve poder cadastrar uma nova tarefa" line="10">
<kw name="Start session" library="base" type="SETUP">
<kw name="Open Application" library="AppiumLibrary">
<arg>http://localhost:4723</arg>
<arg>automationName=uiautomator2</arg>
<arg>platformName=Android</arg>
<arg>deviceName=Emulator</arg>
<arg>udid=emulator-5554</arg>
<arg>autoGrantPermissions=true</arg>
<arg>app=${EXECDIR}/apps/markx.apk</arg>
<doc>Opens a new application to the given Appium server.
Capabilities of appium server, Android and iOS,
Please check https://appium.io/docs/en/2.19/guides/caps/
| *Option*            | *Man.* | *Description*     |
| remote_url          | Yes    | Appium server url |
| alias               | No     | alias             |</doc>
<msg timestamp="20260102 12:24:05.172" level="WARN">Retrying (Retry(total=2, connect=None, read=None, redirect=None, status=None)) after connection broken by 'NewConnectionError("HTTPConnection(host='localhost', port=4723): Failed to establish a new connection: [WinError 10061] Nenhuma conexão pôde ser feita porque a máquina de destino as recusou ativamente")': /session</msg>
<msg timestamp="20260102 12:24:09.260" level="WARN">Retrying (Retry(total=1, connect=None, read=None, redirect=None, status=None)) after connection broken by 'NewConnectionError("HTTPConnection(host='localhost', port=4723): Failed to establish a new connection: [WinError 10061] Nenhuma conexão pôde ser feita porque a máquina de destino as recusou ativamente")': /session</msg>
<msg timestamp="20260102 12:24:13.394" level="WARN">Retrying (Retry(total=0, connect=None, read=None, redirect=None, status=None)) after connection broken by 'NewConnectionError("HTTPConnection(host='localhost', port=4723): Failed to establish a new connection: [WinError 10061] Nenhuma conexão pôde ser feita porque a máquina de destino as recusou ativamente")': /session</msg>
<kw name="Capture Page Screenshot" library="AppiumLibrary">
<doc>Takes a screenshot of the current page and embeds it into the log.</doc>
<msg timestamp="20260102 12:24:17.520" level="FAIL">No application is open</msg>
<status status="FAIL" starttime="20260102 12:24:17.519" endtime="20260102 12:24:17.552"/>
</kw>
<msg timestamp="20260102 12:24:17.583" level="WARN">Keyword 'Capture Page Screenshot' could not be run on failure: No application is open</msg>
<msg timestamp="20260102 12:24:17.594" level="FAIL">MaxRetryError: HTTPConnectionPool(host='localhost', port=4723): Max retries exceeded with url: /session (Caused by NewConnectionError("HTTPConnection(host='localhost', port=4723): Failed to establish a new connection: [WinError 10061] Nenhuma conexão pôde ser feita porque a máquina de destino as recusou ativamente"))</msg>
<status status="FAIL" starttime="20260102 12:24:01.076" endtime="20260102 12:24:17.661"/>
</kw>
<kw name="Wait Until Page Contains" library="AppiumLibrary">
<arg>Endereço IP da API</arg>
<arg>500</arg>
<doc>Waits until the ``text`` appears on the current page.</doc>
<status status="NOT RUN" starttime="20260102 12:24:17.663" endtime="20260102 12:24:17.666"/>
</kw>
<status status="FAIL" starttime="20260102 12:24:01.076" endtime="20260102 12:24:17.667"/>
</kw>
<kw name="Finish session" library="base" type="TEARDOWN">
<kw name="Capture Page Screenshot" library="AppiumLibrary">
<doc>Takes a screenshot of the current page and embeds it into the log.</doc>
<kw name="Capture Page Screenshot" library="AppiumLibrary">
<doc>Takes a screenshot of the current page and embeds it into the log.</doc>
<msg timestamp="20260102 12:24:17.718" level="FAIL">No application is open</msg>
<status status="FAIL" starttime="20260102 12:24:17.717" endtime="20260102 12:24:17.738"/>
</kw>
<msg timestamp="20260102 12:24:17.753" level="WARN">Keyword 'Capture Page Screenshot' could not be run on failure: No application is open</msg>
<msg timestamp="20260102 12:24:17.804" level="FAIL">No application is open</msg>
<status status="FAIL" starttime="20260102 12:24:17.715" endtime="20260102 12:24:17.817"/>
</kw>
<kw name="Close Application" library="AppiumLibrary">
<doc>Closes the current application and the webdriver session.</doc>
<kw name="Capture Page Screenshot" library="AppiumLibrary">
<doc>Takes a screenshot of the current page and embeds it into the log.</doc>
<msg timestamp="20260102 12:24:17.820" level="FAIL">No application is open</msg>
<status status="FAIL" starttime="20260102 12:24:17.819" endtime="20260102 12:24:17.833"/>
</kw>
<msg timestamp="20260102 12:24:17.846" level="WARN">Keyword 'Capture Page Screenshot' could not be run on failure: No application is open</msg>
<msg timestamp="20260102 12:24:17.993" level="FAIL">No application is open</msg>
<status status="FAIL" starttime="20260102 12:24:17.817" endtime="20260102 12:24:18.017"/>
</kw>
<status status="FAIL" starttime="20260102 12:24:17.713" endtime="20260102 12:24:18.019">Several failures occurred:

1) No application is open

2) No application is open</status>
</kw>
<tag>Cria tarefa</tag>
<status status="FAIL" starttime="20260102 12:24:01.075" endtime="20260102 12:24:18.135">Setup failed:
MaxRetryError: HTTPConnectionPool(host='localhost', port=4723): Max retries exceeded with url: /session (Caused by NewConnectionError("HTTPConnection(host='localhost', port=4723): Failed to establish a new connection: [WinError 10061] Nenhuma conexão pôde ser feita porque a máquina de destino as recusou ativamente"))

Also teardown failed:
Several failures occurred:

1) No application is open

2) No application is open</status>
</test>
<test id="s1-s2-t2" name="Deve poder remover tarefa indesejada" line="22">
<kw name="Start session" library="base" type="SETUP">
<kw name="Open Application" library="AppiumLibrary">
<arg>http://localhost:4723</arg>
<arg>automationName=uiautomator2</arg>
<arg>platformName=Android</arg>
<arg>deviceName=Emulator</arg>
<arg>udid=emulator-5554</arg>
<arg>autoGrantPermissions=true</arg>
<arg>app=${EXECDIR}/apps/markx.apk</arg>
<doc>Opens a new application to the given Appium server.
Capabilities of appium server, Android and iOS,
Please check https://appium.io/docs/en/2.19/guides/caps/
| *Option*            | *Man.* | *Description*     |
| remote_url          | Yes    | Appium server url |
| alias               | No     | alias             |</doc>
<msg timestamp="20260102 12:24:22.807" level="WARN">Retrying (Retry(total=2, connect=None, read=None, redirect=None, status=None)) after connection broken by 'NewConnectionError("HTTPConnection(host='localhost', port=4723): Failed to establish a new connection: [WinError 10061] Nenhuma conexão pôde ser feita porque a máquina de destino as recusou ativamente")': /session</msg>
<msg timestamp="20260102 12:24:26.893" level="WARN">Retrying (Retry(total=1, connect=None, read=None, redirect=None, status=None)) after connection broken by 'NewConnectionError("HTTPConnection(host='localhost', port=4723): Failed to establish a new connection: [WinError 10061] Nenhuma conexão pôde ser feita porque a máquina de destino as recusou ativamente")': /session</msg>
<msg timestamp="20260102 12:24:31.006" level="WARN">Retrying (Retry(total=0, connect=None, read=None, redirect=None, status=None)) after connection broken by 'NewConnectionError("HTTPConnection(host='localhost', port=4723): Failed to establish a new connection: [WinError 10061] Nenhuma conexão pôde ser feita porque a máquina de destino as recusou ativamente")': /session</msg>
<kw name="Capture Page Screenshot" library="AppiumLibrary">
<doc>Takes a screenshot of the current page and embeds it into the log.</doc>
<msg timestamp="20260102 12:24:35.092" level="FAIL">No application is open</msg>
<status status="FAIL" starttime="20260102 12:24:35.091" endtime="20260102 12:24:35.107"/>
</kw>
<msg timestamp="20260102 12:24:35.114" level="WARN">Keyword 'Capture Page Screenshot' could not be run on failure: No application is open</msg>
<msg timestamp="20260102 12:24:35.188" level="FAIL">MaxRetryError: HTTPConnectionPool(host='localhost', port=4723): Max retries exceeded with url: /session (Caused by NewConnectionError("HTTPConnection(host='localhost', port=4723): Failed to establish a new connection: [WinError 10061] Nenhuma conexão pôde ser feita porque a máquina de destino as recusou ativamente"))</msg>
<status status="FAIL" starttime="20260102 12:24:18.694" endtime="20260102 12:24:35.207"/>
</kw>
<kw name="Wait Until Page Contains" library="AppiumLibrary">
<arg>Endereço IP da API</arg>
<arg>500</arg>
<doc>Waits until the ``text`` appears on the current page.</doc>
<status status="NOT RUN" starttime="20260102 12:24:35.207" endtime="20260102 12:24:35.208"/>
</kw>
<status status="FAIL" starttime="20260102 12:24:18.693" endtime="20260102 12:24:35.209"/>
</kw>
<kw name="Finish session" library="base" type="TEARDOWN">
<kw name="Capture Page Screenshot" library="AppiumLibrary">
<doc>Takes a screenshot of the current page and embeds it into the log.</doc>
<kw name="Capture Page Screenshot" library="AppiumLibrary">
<doc>Takes a screenshot of the current page and embeds it into the log.</doc>
<msg timestamp="20260102 12:24:35.258" level="FAIL">No application is open</msg>
<status status="FAIL" starttime="20260102 12:24:35.257" endtime="20260102 12:24:35.264"/>
</kw>
<msg timestamp="20260102 12:24:35.269" level="WARN">Keyword 'Capture Page Screenshot' could not be run on failure: No application is open</msg>
<msg timestamp="20260102 12:24:35.335" level="FAIL">No application is open</msg>
<status status="FAIL" starttime="20260102 12:24:35.256" endtime="20260102 12:24:35.339"/>
</kw>
<kw name="Close Application" library="AppiumLibrary">
<doc>Closes the current application and the webdriver session.</doc>
<kw name="Capture Page Screenshot" library="AppiumLibrary">
<doc>Takes a screenshot of the current page and embeds it into the log.</doc>
<msg timestamp="20260102 12:24:35.341" level="FAIL">No application is open</msg>
<status status="FAIL" starttime="20260102 12:24:35.340" endtime="20260102 12:24:35.345"/>
</kw>
<msg timestamp="20260102 12:24:35.350" level="WARN">Keyword 'Capture Page Screenshot' could not be run on failure: No application is open</msg>
<msg timestamp="20260102 12:24:35.364" level="FAIL">No application is open</msg>
<status status="FAIL" starttime="20260102 12:24:35.339" endtime="20260102 12:24:35.372"/>
</kw>
<status status="FAIL" starttime="20260102 12:24:35.255" endtime="20260102 12:24:35.378">Several failures occurred:

1) No application is open

2) No application is open</status>
</kw>
<tag>remove tarefa</tag>
<status status="FAIL" starttime="20260102 12:24:18.663" endtime="20260102 12:24:35.456">Setup failed:
MaxRetryError: HTTPConnectionPool(host='localhost', port=4723): Max retries exceeded with url: /session (Caused by NewConnectionError("HTTPConnection(host='localhost', port=4723): Failed to establish a new connection: [WinError 10061] Nenhuma conexão pôde ser feita porque a máquina de destino as recusou ativamente"))

Also teardown failed:
Several failures occurred:

1) No application is open

2) No application is open</status>
</test>
<test id="s1-s2-t3" name="Deve poder concluir uma tarefa" line="35">
<kw name="Start session" library="base" type="SETUP">
<kw name="Open Application" library="AppiumLibrary">
<arg>http://localhost:4723</arg>
<arg>automationName=uiautomator2</arg>
<arg>platformName=Android</arg>
<arg>deviceName=Emulator</arg>
<arg>udid=emulator-5554</arg>
<arg>autoGrantPermissions=true</arg>
<arg>app=${EXECDIR}/apps/markx.apk</arg>
<doc>Opens a new application to the given Appium server.
Capabilities of appium server, Android and iOS,
Please check https://appium.io/docs/en/2.19/guides/caps/
| *Option*            | *Man.* | *Description*     |
| remote_url          | Yes    | Appium server url |
| alias               | No     | alias             |</doc>
<msg timestamp="20260102 12:24:39.573" level="WARN">Retrying (Retry(total=2, connect=None, read=None, redirect=None, status=None)) after connection broken by 'NewConnectionError("HTTPConnection(host='localhost', port=4723): Failed to establish a new connection: [WinError 10061] Nenhuma conexão pôde ser feita porque a máquina de destino as recusou ativamente")': /session</msg>
<msg timestamp="20260102 12:24:43.660" level="WARN">Retrying (Retry(total=1, connect=None, read=None, redirect=None, status=None)) after connection broken by 'NewConnectionError("HTTPConnection(host='localhost', port=4723): Failed to establish a new connection: [WinError 10061] Nenhuma conexão pôde ser feita porque a máquina de destino as recusou ativamente")': /session</msg>
<msg timestamp="20260102 12:24:47.735" level="WARN">Retrying (Retry(total=0, connect=None, read=None, redirect=None, status=None)) after connection broken by 'NewConnectionError("HTTPConnection(host='localhost', port=4723): Failed to establish a new connection: [WinError 10061] Nenhuma conexão pôde ser feita porque a máquina de destino as recusou ativamente")': /session</msg>
<kw name="Capture Page Screenshot" library="AppiumLibrary">
<doc>Takes a screenshot of the current page and embeds it into the log.</doc>
<msg timestamp="20260102 12:24:51.814" level="FAIL">No application is open</msg>
<status status="FAIL" starttime="20260102 12:24:51.814" endtime="20260102 12:24:51.818"/>
</kw>
<msg timestamp="20260102 12:24:51.818" level="WARN">Keyword 'Capture Page Screenshot' could not be run on failure: No application is open</msg>
<msg timestamp="20260102 12:24:51.818" level="FAIL">MaxRetryError: HTTPConnectionPool(host='localhost', port=4723): Max retries exceeded with url: /session (Caused by NewConnectionError("HTTPConnection(host='localhost', port=4723): Failed to establish a new connection: [WinError 10061] Nenhuma conexão pôde ser feita porque a máquina de destino as recusou ativamente"))</msg>
<status status="FAIL" starttime="20260102 12:24:35.470" endtime="20260102 12:24:51.822"/>
</kw>
<kw name="Wait Until Page Contains" library="AppiumLibrary">
<arg>Endereço IP da API</arg>
<arg>500</arg>
<doc>Waits until the ``text`` appears on the current page.</doc>
<status status="NOT RUN" starttime="20260102 12:24:51.822" endtime="20260102 12:24:51.822"/>
</kw>
<status status="FAIL" starttime="20260102 12:24:35.469" endtime="20260102 12:24:51.822"/>
</kw>
<kw name="Finish session" library="base" type="TEARDOWN">
<kw name="Capture Page Screenshot" library="AppiumLibrary">
<doc>Takes a screenshot of the current page and embeds it into the log.</doc>
<kw name="Capture Page Screenshot" library="AppiumLibrary">
<doc>Takes a screenshot of the current page and embeds it into the log.</doc>
<msg timestamp="20260102 12:24:51.822" level="FAIL">No application is open</msg>
<status status="FAIL" starttime="20260102 12:24:51.822" endtime="20260102 12:24:51.822"/>
</kw>
<msg timestamp="20260102 12:24:51.822" level="WARN">Keyword 'Capture Page Screenshot' could not be run on failure: No application is open</msg>
<msg timestamp="20260102 12:24:51.822" level="FAIL">No application is open</msg>
<status status="FAIL" starttime="20260102 12:24:51.822" endtime="20260102 12:24:51.828"/>
</kw>
<kw name="Close Application" library="AppiumLibrary">
<doc>Closes the current application and the webdriver session.</doc>
<kw name="Capture Page Screenshot" library="AppiumLibrary">
<doc>Takes a screenshot of the current page and embeds it into the log.</doc>
<msg timestamp="20260102 12:24:51.828" level="FAIL">No application is open</msg>
<status status="FAIL" starttime="20260102 12:24:51.828" endtime="20260102 12:24:51.828"/>
</kw>
<msg timestamp="20260102 12:24:51.828" level="WARN">Keyword 'Capture Page Screenshot' could not be run on failure: No application is open</msg>
<msg timestamp="20260102 12:24:51.830" level="FAIL">No application is open</msg>
<status status="FAIL" starttime="20260102 12:24:51.828" endtime="20260102 12:24:51.830"/>
</kw>
<status status="FAIL" starttime="20260102 12:24:51.822" endtime="20260102 12:24:51.830">Several failures occurred:

1) No application is open

2) No application is open</status>
</kw>
<tag>concluir tarefa</tag>
<status status="FAIL" starttime="20260102 12:24:35.466" endtime="20260102 12:24:51.830">Setup failed:
MaxRetryError: HTTPConnectionPool(host='localhost', port=4723): Max retries exceeded with url: /session (Caused by NewConnectionError("HTTPConnection(host='localhost', port=4723): Failed to establish a new connection: [WinError 10061] Nenhuma conexão pôde ser feita porque a máquina de destino as recusou ativamente"))

Also teardown failed:
Several failures occurred:

1) No application is open

2) No application is open</status>
</test>
<doc>Suite de testes do cadastro de tarefas</doc>
<status status="FAIL" starttime="20260102 12:24:01.061" endtime="20260102 12:24:51.830"/>
</suite>
<status status="FAIL" starttime="20260102 12:23:40.526" endtime="20260102 12:24:51.830"/>
</suite>
<statistics>
<total>
<stat pass="0" fail="4" skip="0">All Tests</stat>
</total>
<tag>
<stat pass="0" fail="1" skip="0">concluir tarefa</stat>
<stat pass="0" fail="1" skip="0">Cria tarefa</stat>
<stat pass="0" fail="1" skip="0">remove tarefa</stat>
</tag>
<suite>
<stat pass="0" fail="4" skip="0" id="s1" name="Tests">Tests</stat>
<stat pass="0" fail="1" skip="0" id="s1-s1" name="Login">Tests.Login</stat>
<stat pass="0" fail="3" skip="0" id="s1-s2" name="Tasks">Tests.Tasks</stat>
</suite>
</statistics>
<errors>
<msg timestamp="20260102 12:23:48.594" level="WARN">Retrying (Retry(total=2, connect=None, read=None, redirect=None, status=None)) after connection broken by 'NewConnectionError("HTTPConnection(host='localhost', port=4723): Failed to establish a new connection: [WinError 10061] Nenhuma conexão pôde ser feita porque a máquina de destino as recusou ativamente")': /session</msg>
<msg timestamp="20260102 12:23:52.684" level="WARN">Retrying (Retry(total=1, connect=None, read=None, redirect=None, status=None)) after connection broken by 'NewConnectionError("HTTPConnection(host='localhost', port=4723): Failed to establish a new connection: [WinError 10061] Nenhuma conexão pôde ser feita porque a máquina de destino as recusou ativamente")': /session</msg>
<msg timestamp="20260102 12:23:56.788" level="WARN">Retrying (Retry(total=0, connect=None, read=None, redirect=None, status=None)) after connection broken by 'NewConnectionError("HTTPConnection(host='localhost', port=4723): Failed to establish a new connection: [WinError 10061] Nenhuma conexão pôde ser feita porque a máquina de destino as recusou ativamente")': /session</msg>
<msg timestamp="20260102 12:24:01.037" level="WARN">Keyword 'Capture Page Screenshot' could not be run on failure: No application is open</msg>
<msg timestamp="20260102 12:24:01.051" level="WARN">Keyword 'Capture Page Screenshot' could not be run on failure: No application is open</msg>
<msg timestamp="20260102 12:24:01.056" level="WARN">Keyword 'Capture Page Screenshot' could not be run on failure: No application is open</msg>
<msg timestamp="20260102 12:24:05.172" level="WARN">Retrying (Retry(total=2, connect=None, read=None, redirect=None, status=None)) after connection broken by 'NewConnectionError("HTTPConnection(host='localhost', port=4723): Failed to establish a new connection: [WinError 10061] Nenhuma conexão pôde ser feita porque a máquina de destino as recusou ativamente")': /session</msg>
<msg timestamp="20260102 12:24:09.260" level="WARN">Retrying (Retry(total=1, connect=None, read=None, redirect=None, status=None)) after connection broken by 'NewConnectionError("HTTPConnection(host='localhost', port=4723): Failed to establish a new connection: [WinError 10061] Nenhuma conexão pôde ser feita porque a máquina de destino as recusou ativamente")': /session</msg>
<msg timestamp="20260102 12:24:13.394" level="WARN">Retrying (Retry(total=0, connect=None, read=None, redirect=None, status=None)) after connection broken by 'NewConnectionError("HTTPConnection(host='localhost', port=4723): Failed to establish a new connection: [WinError 10061] Nenhuma conexão pôde ser feita porque a máquina de destino as recusou ativamente")': /session</msg>
<msg timestamp="20260102 12:24:17.583" level="WARN">Keyword 'Capture Page Screenshot' could not be run on failure: No application is open</msg>
<msg timestamp="20260102 12:24:17.753" level="WARN">Keyword 'Capture Page Screenshot' could not be run on failure: No application is open</msg>
<msg timestamp="20260102 12:24:17.846" level="WARN">Keyword 'Capture Page Screenshot' could not be run on failure: No application is open</msg>
<msg timestamp="20260102 12:24:22.807" level="WARN">Retrying (Retry(total=2, connect=None, read=None, redirect=None, status=None)) after connection broken by 'NewConnectionError("HTTPConnection(host='localhost', port=4723): Failed to establish a new connection: [WinError 10061] Nenhuma conexão pôde ser feita porque a máquina de destino as recusou ativamente")': /session</msg>
<msg timestamp="20260102 12:24:26.893" level="WARN">Retrying (Retry(total=1, connect=None, read=None, redirect=None, status=None)) after connection broken by 'NewConnectionError("HTTPConnection(host='localhost', port=4723): Failed to establish a new connection: [WinError 10061] Nenhuma conexão pôde ser feita porque a máquina de destino as recusou ativamente")': /session</msg>
<msg timestamp="20260102 12:24:31.006" level="WARN">Retrying (Retry(total=0, connect=None, read=None, redirect=None, status=None)) after connection broken by 'NewConnectionError("HTTPConnection(host='localhost', port=4723): Failed to establish a new connection: [WinError 10061] Nenhuma conexão pôde ser feita porque a máquina de destino as recusou ativamente")': /session</msg>
<msg timestamp="20260102 12:24:35.114" level="WARN">Keyword 'Capture Page Screenshot' could not be run on failure: No application is open</msg>
<msg timestamp="20260102 12:24:35.269" level="WARN">Keyword 'Capture Page Screenshot' could not be run on failure: No application is open</msg>
<msg timestamp="20260102 12:24:35.350" level="WARN">Keyword 'Capture Page Screenshot' could not be run on failure: No application is open</msg>
<msg timestamp="20260102 12:24:39.573" level="WARN">Retrying (Retry(total=2, connect=None, read=None, redirect=None, status=None)) after connection broken by 'NewConnectionError("HTTPConnection(host='localhost', port=4723): Failed to establish a new connection: [WinError 10061] Nenhuma conexão pôde ser feita porque a máquina de destino as recusou ativamente")': /session</msg>
<msg timestamp="20260102 12:24:43.660" level="WARN">Retrying (Retry(total=1, connect=None, read=None, redirect=None, status=None)) after connection broken by 'NewConnectionError("HTTPConnection(host='localhost', port=4723): Failed to establish a new connection: [WinError 10061] Nenhuma conexão pôde ser feita porque a máquina de destino as recusou ativamente")': /session</msg>
<msg timestamp="20260102 12:24:47.735" level="WARN">Retrying (Retry(total=0, connect=None, read=None, redirect=None, status=None)) after connection broken by 'NewConnectionError("HTTPConnection(host='localhost', port=4723): Failed to establish a new connection: [WinError 10061] Nenhuma conexão pôde ser feita porque a máquina de destino as recusou ativamente")': /session</msg>
<msg timestamp="20260102 12:24:51.818" level="WARN">Keyword 'Capture Page Screenshot' could not be run on failure: No application is open</msg>
<msg timestamp="20260102 12:24:51.822" level="WARN">Keyword 'Capture Page Screenshot' could not be run on failure: No application is open</msg>
<msg timestamp="20260102 12:24:51.828" level="WARN">Keyword 'Capture Page Screenshot' could not be run on failure: No application is open</msg>
</errors>
</robot>
